<?xml version="1.0" encoding="UTF-8"?>
<testng-results ignored="0" total="1" passed="1" failed="0" skipped="0">
  <reporter-output>
  </reporter-output>
  <suite started-at="2024-04-02T22:01:40 IST" name="Suite" finished-at="2024-04-02T22:01:40 IST" duration-ms="28">
    <groups>
    </groups>
    <test started-at="2024-04-02T22:01:40 IST" name="Test" finished-at="2024-04-02T22:01:40 IST" duration-ms="28">
      <class name="testng.OrangeHRMLogin">
        <test-method signature="loginOrangeHRM()[pri:0, instance:testng.OrangeHRMLogin@10e41621]" started-at="2024-04-02T22:01:40 IST" name="loginOrangeHRM" finished-at="2024-04-02T22:01:40 IST" duration-ms="3" status="PASS">
          <reporter-output>
          </reporter-output>
        </test-method> <!-- loginOrangeHRM -->
      </class> <!-- testng.OrangeHRMLogin -->
    </test> <!-- Test -->
  </suite> <!-- Suite -->
</testng-results>
