<?xml version="1.0" encoding="UTF-8"?>
<testng-results ignored="0" total="1" passed="1" failed="0" skipped="0">
  <reporter-output>
  </reporter-output>
  <suite started-at="2024-04-02T21:30:59 IST" name="Suite" finished-at="2024-04-02T21:30:59 IST" duration-ms="46">
    <groups>
    </groups>
    <test started-at="2024-04-02T21:30:59 IST" name="Test" finished-at="2024-04-02T21:30:59 IST" duration-ms="46">
      <class name="testng.OrangeHRMLogin">
        <test-method signature="loginOrangeHRM()[pri:0, instance:testng.OrangeHRMLogin@5e0826e7]" started-at="2024-04-02T21:30:59 IST" name="loginOrangeHRM" finished-at="2024-04-02T21:30:59 IST" duration-ms="9" status="PASS">
          <reporter-output>
          </reporter-output>
        </test-method> <!-- loginOrangeHRM -->
      </class> <!-- testng.OrangeHRMLogin -->
    </test> <!-- Test -->
  </suite> <!-- Suite -->
</testng-results>
